['2022-09-21 18:14:13',41.4,22.49],
['2022-09-21 19:10:01',40.7,21.18],
['2022-09-21 20:10:01',28.3,20.98],
['2022-09-21 21:10:01',31.7,21.36],
['2022-09-21 22:10:01',42.8,21.01],
['2022-09-21 23:10:01',42.4,22.10],
['2022-09-22 00:10:01',37.8,10.5],
['2022-09-22 01:10:02',39.0,29.76],
['2022-09-22 02:10:01',36.2,28.9],
['2022-09-22 03:10:01',33.6,33.8],
['2022-09-22 04:10:01',43.9,32.8],
['2022-09-22 05:10:01',45.4,31.7],
['2022-09-22 06:10:01',44.9,33.0],
['2022-09-22 07:10:01',48.9,32.9],
['2022-09-22 08:10:01',42.5,32.5],
['2022-09-22 09:10:01',7.38,9.29],
['2022-09-22 10:10:01',6.94,0],
['2022-09-22 11:10:01',6.44,7.15],
['2022-09-22 12:10:01',7.22,8.47],
['2022-09-22 13:10:01',7.07,4.40],
['2022-09-22 14:10:01',7.22,1.19],
['2022-09-22 15:10:01',17.9,1.93],
['2022-09-22 16:10:01',10.6,0.89],
['2022-09-22 17:10:01',6.68,5.69],
['2022-09-22 18:10:01',15.9,4.19],
['2022-09-22 19:10:01',15.9,2.30],
['2022-09-22 20:10:01',15.6,0.74],
['2022-09-22 21:10:01',4.90,1.79],
['2022-09-22 22:10:01',3.38,0.37],
['2022-09-22 23:10:01',8.53,0],
['2022-09-23 00:10:01',13.2,0.66],
['2022-09-23 01:10:01',18.7,7.55],
['2022-09-23 02:10:01',18.3,7.21],
['2022-09-23 03:10:01',7.33,8.06],
['2022-09-23 04:10:01',6.54,8.18],
['2022-09-23 05:10:01',6.13,7.97],
['2022-09-23 06:10:01',4.66,7.30],
['2022-09-23 07:10:01',4.73,9.00],
['2022-09-23 08:10:01',4.31,6.65],
['2022-09-23 09:10:01',17.9,21.6],
['2022-09-23 10:10:01',24.1,18.1],
['2022-09-23 11:10:01',16.4,3.29],
['2022-09-23 12:10:01',23.5,9.20],
['2022-09-23 13:10:01',29.5,0.91],
['2022-09-23 14:10:01',41.0,0.85],
['2022-09-23 15:10:01',28.3,0.92],
['2022-09-23 16:10:01',19.7,3.82],
['2022-09-23 17:10:01',25.4,25.7],
['2022-09-23 18:10:01',39.1,23.7],
['2022-09-23 19:10:01',43.6,48.8],
['2022-09-23 20:10:01',40.4,37.0],
['2022-09-23 21:10:01',49.2,31.3],
['2022-09-23 22:10:01',48.9,16.3],
['2022-09-23 23:10:01',35.6,7.15],
['2022-09-24 00:10:01',45.6,15.4],
['2022-09-24 01:10:01',52.1,43.9],
['2022-09-24 02:10:01',49.4,53.3],
['2022-09-24 03:10:01',30.7,40.7],
['2022-09-24 04:10:01',26.7,43.0],
['2022-09-24 05:10:01',41.1,47.4],
['2022-09-24 06:10:01',33.1,46.3],
['2022-09-24 07:10:01',26.8,42.5],
['2022-09-24 08:10:01',31.1,48.8],
['2022-09-24 09:10:01',40.3,45.8],
['2022-09-24 10:10:01',40.7,32.5],
['2022-09-24 11:10:01',32.1,26.5],
['2022-09-24 12:10:01',27.6,21.2],
['2022-09-24 13:10:01',25.7,19.7],
['2022-09-24 14:10:01',30.8,15.5],
['2022-09-24 15:10:01',31.1,17.7],
['2022-09-24 16:10:01',38.7,22.1],
['2022-09-24 17:10:01',26.2,29.0],
['2022-09-24 18:10:01',26.5,16.0],
['2022-09-24 19:10:01',20.9,24.7],
['2022-09-24 20:10:01',31.9,33.8],
['2022-09-24 21:10:01',28.1,18.5],
['2022-09-24 22:10:01',33.6,3.18],
['2022-09-24 23:10:01',26.0,2.92],
['2022-09-25 00:10:01',27.1,3.26],
['2022-09-25 01:10:01',25.0,15.0],
['2022-09-25 02:10:01',35.9,26.2],
['2022-09-25 03:10:01',37.6,27.3],
['2022-09-25 04:10:01',45.0,31.9],
['2022-09-25 05:10:01',40.4,32.9],
['2022-09-25 06:10:01',42.3,30.0],
['2022-09-25 07:10:01',47.3,33.4],
['2022-09-25 08:10:01',46.7,35.0],
['2022-09-25 09:10:01',47.9,38.8],
['2022-09-25 10:10:01',37.6,39.0],
['2022-09-25 11:10:01',36.4,38.3],
['2022-09-25 12:10:01',39.6,52.1],
['2022-09-25 13:10:01',35.8,37.8],
['2022-09-25 14:10:01',47.0,40.7],
['2022-09-25 15:10:01',47.0,31.9],
['2022-09-25 16:10:01',46.3,24.8],
['2022-09-25 17:10:01',47.3,25.7],
['2022-09-25 18:10:01',42.4,25.8],
['2022-09-25 19:10:01',44.2,24.9],
['2022-09-25 20:10:01',42.8,15.8],
['2022-09-25 21:10:01',42.0,5.14],
['2022-09-25 22:10:01',34.6,2.55],
['2022-09-25 23:10:01',41.6,3.04],
['2022-09-26 00:10:01',41.9,9.49],
['2022-09-26 01:10:01',36.9,34.2],
['2022-09-26 02:10:01',49.5,35.6],
['2022-09-26 03:10:01',47.4,34.1],
['2022-09-26 04:10:01',38.7,36.2],
['2022-09-26 05:10:01',47.7,34.8],
['2022-09-26 06:10:01',44.8,34.4],
['2022-09-26 07:10:01',43.7,35.2],
['2022-09-26 08:10:01',43.9,35.4],
['2022-09-26 09:10:01',39.8,29.8],
['2022-09-26 10:10:01',36.2,24.8],
['2022-09-26 11:10:01',45.2,44.9],
['2022-09-26 12:10:01',46.2,35.6],
['2022-09-26 13:10:01',0,0],
['2022-09-26 14:10:01',44.6,25.6],
['2022-09-26 15:10:01',36.9,15.7],
['2022-09-26 16:10:01',31.2,13.5],
['2022-09-26 17:10:01',36.2,14.7],
['2022-09-26 18:10:01',33.9,8.41],
['2022-09-26 19:10:01',80.2,53.6],
['2022-09-26 20:10:01',81.2,65.7],
